<?xml version="1.0" encoding="UTF-8"?>
<testng-results ignored="0" total="2" passed="2" failed="0" skipped="0">
  <reporter-output>
  </reporter-output>
  <suite started-at="2024-04-21T20:28:55Z" name="Default suite" finished-at="2024-04-21T20:29:01Z" duration-ms="5601">
    <groups>
    </groups>
    <test started-at="2024-04-21T20:28:55Z" name="Default test" finished-at="2024-04-21T20:29:01Z" duration-ms="5601">
      <class name="testCases.DeleteAccount">
        <test-method signature="deleteAccount()[pri:1, instance:testCases.DeleteAccount@1bd39d3c]" started-at="2024-04-21T20:28:55Z" name="deleteAccount" finished-at="2024-04-21T20:29:00Z" duration-ms="4420" status="PASS">
          <reporter-output>
          </reporter-output>
        </test-method> <!-- deleteAccount -->
        <test-method signature="getAccountDetails()[pri:2, instance:testCases.DeleteAccount@1bd39d3c]" started-at="2024-04-21T20:29:00Z" name="getAccountDetails" finished-at="2024-04-21T20:29:01Z" duration-ms="1140" status="PASS">
          <reporter-output>
          </reporter-output>
        </test-method> <!-- getAccountDetails -->
      </class> <!-- testCases.DeleteAccount -->
    </test> <!-- Default test -->
  </suite> <!-- Default suite -->
</testng-results>
